# -*-compilation-*-
Processing `C:/Users/USER/Desktop/github/My_Repositories/lemona/python/piano_score.ly'
Ayrıştırılıyor...
C:/Users/USER/Desktop/github/My_Repositories/lemona/python/piano_score.ly:7:1: hata: not a note name: new

new PianoStaff << 
C:/Users/USER/Desktop/github/My_Repositories/lemona/python/piano_score.ly:7:5: hata: not a note name: PianoStaff
new 
    PianoStaff << 
C:/Users/USER/Desktop/github/My_Repositories/lemona/python/piano_score.ly:8:3: hata: not a note name: new
  
  new Staff {a'4 a' a'2 a'4 c' a'4 <a' c'> r2 a'2 a'4 g' a'4 <a' c'> r2 <e' a'>2 a'4 g' a'2 e'4 c'  r4 g' a'4 <a' c'> a'4 a' r2 <e' a'>2 a'4 g' e'4 a' r2 <a' g'>2a'2 <a' g'>2r2 a'4 c' d'4 g' a'4 a' a'4 a' r2 e'4 <e' g'> a'4 <a' c'> r2  r4 g' <e' a'>2 e'4 <e' g'> e'4 <e' g'> <a' g'>2<a c' e'>2r2 d'4 g' e'4 c' r2 d'4 g' g'4 a' r2 <e' a'>2 g'4 a' r2 g'4 a' d'4 g' a'4 g' e'4 <e' g'> a'4 a' a'4 <a' c'> r2 <e' a'>2 g'4 a' r2 e16:40:49 16:40:52 '4 c'  r4 g' <e' a'>2 e'4 c' <a c' e'>2}
C:/Users/USER/Desktop/github/My_Repositories/lemona/python/piano_score.ly:8:7: hata: not a note name: Staff
  new 
      Staff {a'4 a' a'2 a'4 c' a'4 <a' c'> r2 a'2 a'4 g' a'4 <a' c'> r2 <e' a'>2 a'4 g' a'2 e'4 c'  r4 g' a'4 <a' c'> a'4 a' r2 <e' a'>2 a'4 g' e'4 a' r2 <a' g'>2a'2 <a' g'>2r2 a'4 c' d'4 g' a'4 a' a'4 a' r2 e'4 <e' g'> a'4 <a' c'> r2  r4 g' <e' a'>2 e'4 <e' g'> e'4 <e' g'> <a' g'>2<a c' e'>2r2 d'4 g' e'4 c' r2 d'4 g' g'4 a' r2 <e' a'>2 g'4 a' r2 g'4 a' d'4 g' a'4 g' e'4 <e' g'> a'4 a' a'4 <a' c'> r2 <e' a'>2 g'4 a' r2 e16:40:49 16:40:52 '4 c'  r4 g' <e' a'>2 e'4 c' <a c' e'>2}
C:/Users/USER/Desktop/github/My_Repositories/lemona/python/piano_score.ly:8:428: hata: not a duration
  new Staff {a'4 a' a'2 a'4 c' a'4 <a' c'> r2 a'2 a'4 g' a'4 <a' c'> r2 <e' a'>2 a'4 g' a'2 e'4 c'  r4 g' a'4 <a' c'> a'4 a' r2 <e' a'>2 a'4 g' e'4 a' r2 <a' g'>2a'2 <a' g'>2r2 a'4 c' d'4 g' a'4 a' a'4 a' r2 e'4 <e' g'> a'4 <a' c'> r2  r4 g' <e' a'>2 e'4 <e' g'> e'4 <e' g'> <a' g'>2<a c' e'>2r2 d'4 g' e'4 c' r2 d'4 g' g'4 a' r2 <e' a'>2 g'4 a' r2 g'4 a' d'4 g' a'4 g' e'4 <e' g'> a'4 a' a'4 <a' c'> r2 <e' a'>2 g'4 a' r2 e16:
                                                                                                                                                                                                                                                                                                                                                                                                                                           40:49 16:40:52 '4 c'  r4 g' <e' a'>2 e'4 c' <a c' e'>2}
C:/Users/USER/Desktop/github/My_Repositories/lemona/python/piano_score.ly:8:431: hata: not a duration
  new Staff {a'4 a' a'2 a'4 c' a'4 <a' c'> r2 a'2 a'4 g' a'4 <a' c'> r2 <e' a'>2 a'4 g' a'2 e'4 c'  r4 g' a'4 <a' c'> a'4 a' r2 <e' a'>2 a'4 g' e'4 a' r2 <a' g'>2a'2 <a' g'>2r2 a'4 c' d'4 g' a'4 a' a'4 a' r2 e'4 <e' g'> a'4 <a' c'> r2  r4 g' <e' a'>2 e'4 <e' g'> e'4 <e' g'> <a' g'>2<a c' e'>2r2 d'4 g' e'4 c' r2 d'4 g' g'4 a' r2 <e' a'>2 g'4 a' r2 g'4 a' d'4 g' a'4 g' e'4 <e' g'> a'4 a' a'4 <a' c'> r2 <e' a'>2 g'4 a' r2 e16:40:
                                                                                                                                                                                                                                                                                                                                                                                                                                              49 16:40:52 '4 c'  r4 g' <e' a'>2 e'4 c' <a c' e'>2}
C:/Users/USER/Desktop/github/My_Repositories/lemona/python/piano_score.ly:8:437: hata: not a duration
  new Staff {a'4 a' a'2 a'4 c' a'4 <a' c'> r2 a'2 a'4 g' a'4 <a' c'> r2 <e' a'>2 a'4 g' a'2 e'4 c'  r4 g' a'4 <a' c'> a'4 a' r2 <e' a'>2 a'4 g' e'4 a' r2 <a' g'>2a'2 <a' g'>2r2 a'4 c' d'4 g' a'4 a' a'4 a' r2 e'4 <e' g'> a'4 <a' c'> r2  r4 g' <e' a'>2 e'4 <e' g'> e'4 <e' g'> <a' g'>2<a c' e'>2r2 d'4 g' e'4 c' r2 d'4 g' g'4 a' r2 <e' a'>2 g'4 a' r2 g'4 a' d'4 g' a'4 g' e'4 <e' g'> a'4 a' a'4 <a' c'> r2 <e' a'>2 g'4 a' r2 e16:40:49 16:
                                                                                                                                                                                                                                                                                                                                                                                                                                                    40:52 '4 c'  r4 g' <e' a'>2 e'4 c' <a c' e'>2}
C:/Users/USER/Desktop/github/My_Repositories/lemona/python/piano_score.ly:8:440: hata: not a duration
  new Staff {a'4 a' a'2 a'4 c' a'4 <a' c'> r2 a'2 a'4 g' a'4 <a' c'> r2 <e' a'>2 a'4 g' a'2 e'4 c'  r4 g' a'4 <a' c'> a'4 a' r2 <e' a'>2 a'4 g' e'4 a' r2 <a' g'>2a'2 <a' g'>2r2 a'4 c' d'4 g' a'4 a' a'4 a' r2 e'4 <e' g'> a'4 <a' c'> r2  r4 g' <e' a'>2 e'4 <e' g'> e'4 <e' g'> <a' g'>2<a c' e'>2r2 d'4 g' e'4 c' r2 d'4 g' g'4 a' r2 <e' a'>2 g'4 a' r2 g'4 a' d'4 g' a'4 g' e'4 <e' g'> a'4 a' a'4 <a' c'> r2 <e' a'>2 g'4 a' r2 e16:40:49 16:40:
                                                                                                                                                                                                                                                                                                                                                                                                                                                       52 '4 c'  r4 g' <e' a'>2 e'4 c' <a c' e'>2}
C:/Users/USER/Desktop/github/My_Repositories/lemona/python/piano_score.ly:8:443: hata: syntax error, unexpected '\''
  new Staff {a'4 a' a'2 a'4 c' a'4 <a' c'> r2 a'2 a'4 g' a'4 <a' c'> r2 <e' a'>2 a'4 g' a'2 e'4 c'  r4 g' a'4 <a' c'> a'4 a' r2 <e' a'>2 a'4 g' e'4 a' r2 <a' g'>2a'2 <a' g'>2r2 a'4 c' d'4 g' a'4 a' a'4 a' r2 e'4 <e' g'> a'4 <a' c'> r2  r4 g' <e' a'>2 e'4 <e' g'> e'4 <e' g'> <a' g'>2<a c' e'>2r2 d'4 g' e'4 c' r2 d'4 g' g'4 a' r2 <e' a'>2 g'4 a' r2 g'4 a' d'4 g' a'4 g' e'4 <e' g'> a'4 a' a'4 <a' c'> r2 <e' a'>2 g'4 a' r2 e16:40:49 16:40:52 
                                                                                                                                                                                                                                                                                                                                                                                                                                                          '4 c'  r4 g' <e' a'>2 e'4 c' <a c' e'>2}
C:/Users/USER/Desktop/github/My_Repositories/lemona/python/piano_score.ly:9:3: hata: not a note name: new
  
  new Staff { \clef bass e4 g <c a g>2  e4 e <c g>2 a4 a4 <c a g>2  e4 c <c g>2 a4 a4 <c a>2 e4 c <c a g>2  g2 r4 g <c g>2 g4 e a4 a4 <c a>2 e4 c e2 a4 a4 <c g>2  <c a g>2  <c e g>2  a4 a4 e4 a <c e>2 e4 g e4 g a4 a4 e2 <c g>2 a4 a4 r4 g <c a>2 a2 a2 <c g>2  <c e a>2 a4 a4 <c e>2 g2 a4 a4 <c e>2 a2 a4 a4 <c a>2 a2 a4 a4 a2 <c e>2 c4 e a2 e4 g <c g>2 a4 a4 <c a>2 a2 a4 a4 g2 r4 g <c a>2 g2 <c e a>2 }
C:/Users/USER/Desktop/github/My_Repositories/lemona/python/piano_score.ly:9:7: hata: not a note name: Staff
  new 
      Staff { \clef bass e4 g <c a g>2  e4 e <c g>2 a4 a4 <c a g>2  e4 c <c g>2 a4 a4 <c a>2 e4 c <c a g>2  g2 r4 g <c g>2 g4 e a4 a4 <c a>2 e4 c e2 a4 a4 <c g>2  <c a g>2  <c e g>2  a4 a4 e4 a <c e>2 e4 g e4 g a4 a4 e2 <c g>2 a4 a4 r4 g <c a>2 a2 a2 <c g>2  <c e a>2 a4 a4 <c e>2 g2 a4 a4 <c e>2 a2 a4 a4 <c a>2 a2 a4 a4 a2 <c e>2 c4 e a2 e4 g <c g>2 a4 a4 <c a>2 a2 a4 a4 g2 r4 g <c a>2 g2 <c e a>2 }
C:/Users/USER/Desktop/github/My_Repositories/lemona/python/piano_score.ly:6:2: hata: errors found, ignoring music expression
}
 {
fatal error: failed files: "C:\\Users\\USER\\Desktop\\github\\My_Repositories\\lemona\\python\\piano_score.ly"
